<?xml version="1.0" encoding="UTF-8"?>
<!-- Generated by org.testng.reporters.JUnitXMLReporter -->
<testsuite hostname="LAPTOP-FB68D8EQ" ignored="0" name="Amazon Testcases" tests="3" failures="1" timestamp="2020-04-01T16:34:08 NZDT" time="42.838" errors="0">
  <testcase name="TitleTest" time="0.095" classname="com.amazon.qa.testcases.HomePageTest"/>
  <testcase name="signinButtonTest" time="1.588" classname="com.amazon.qa.testcases.HomePageTest"/>
  <testcase name="validateSigninTest" time="4.196" classname="com.amazon.qa.testcases.SigninPageTest">
    <failure type="java.lang.AssertionError" message="login success expected [Your Amazon.com] but found [Authentication required]">
      <![CDATA[java.lang.AssertionError: login success expected [Your Amazon.com] but found [Authentication required]
at com.amazon.qa.testcases.SigninPageTest.validateSigninTest(SigninPageTest.java:31)
at java.util.ArrayList.forEach(Unknown Source)
... Removed 31 stack frames]]>
    </failure>
  </testcase> <!-- validateSigninTest -->
</testsuite> <!-- Amazon Testcases -->
