<?xml version="1.0" encoding="UTF-8"?>
<testng-results skipped="0" failed="1" ignored="0" total="3" passed="2">
  <reporter-output>
  </reporter-output>
  <suite name="Amazon Automation Test suite" duration-ms="42838" started-at="2020-04-01T16:33:25 NZDT" finished-at="2020-04-01T16:34:08 NZDT">
    <groups>
    </groups>
    <test name="Amazon Testcases" duration-ms="42838" started-at="2020-04-01T16:33:25 NZDT" finished-at="2020-04-01T16:34:08 NZDT">
      <class name="com.amazon.qa.testcases.HomePageTest">
        <test-method status="PASS" signature="setUp()[pri:0, instance:com.amazon.qa.testcases.HomePageTest@6895a785]" name="setUp" is-config="true" duration-ms="12197" started-at="2020-04-01T16:33:25 NZDT" finished-at="2020-04-01T16:33:37 NZDT">
          <reporter-output>
          </reporter-output>
        </test-method> <!-- setUp -->
        <test-method status="PASS" signature="TitleTest()[pri:1, instance:com.amazon.qa.testcases.HomePageTest@6895a785]" name="TitleTest" duration-ms="95" started-at="2020-04-01T16:33:37 NZDT" finished-at="2020-04-01T16:33:37 NZDT">
          <reporter-output>
          </reporter-output>
        </test-method> <!-- TitleTest -->
        <test-method status="PASS" signature="tearDown()[pri:0, instance:com.amazon.qa.testcases.HomePageTest@6895a785]" name="tearDown" is-config="true" duration-ms="657" started-at="2020-04-01T16:33:37 NZDT" finished-at="2020-04-01T16:33:38 NZDT">
          <reporter-output>
          </reporter-output>
        </test-method> <!-- tearDown -->
        <test-method status="PASS" signature="setUp()[pri:0, instance:com.amazon.qa.testcases.HomePageTest@6895a785]" name="setUp" is-config="true" duration-ms="10752" started-at="2020-04-01T16:33:38 NZDT" finished-at="2020-04-01T16:33:49 NZDT">
          <reporter-output>
          </reporter-output>
        </test-method> <!-- setUp -->
        <test-method status="PASS" signature="signinButtonTest()[pri:2, instance:com.amazon.qa.testcases.HomePageTest@6895a785]" name="signinButtonTest" duration-ms="1588" started-at="2020-04-01T16:33:49 NZDT" finished-at="2020-04-01T16:33:50 NZDT">
          <reporter-output>
          </reporter-output>
        </test-method> <!-- signinButtonTest -->
        <test-method status="PASS" signature="tearDown()[pri:0, instance:com.amazon.qa.testcases.HomePageTest@6895a785]" name="tearDown" is-config="true" duration-ms="671" started-at="2020-04-01T16:33:50 NZDT" finished-at="2020-04-01T16:33:51 NZDT">
          <reporter-output>
          </reporter-output>
        </test-method> <!-- tearDown -->
      </class> <!-- com.amazon.qa.testcases.HomePageTest -->
      <class name="com.amazon.qa.testcases.SigninPageTest">
        <test-method status="PASS" signature="setUp()[pri:0, instance:com.amazon.qa.testcases.SigninPageTest@184f6be2]" name="setUp" is-config="true" duration-ms="11953" started-at="2020-04-01T16:33:51 NZDT" finished-at="2020-04-01T16:34:03 NZDT">
          <reporter-output>
          </reporter-output>
        </test-method> <!-- setUp -->
        <test-method status="FAIL" signature="validateSigninTest()[pri:0, instance:com.amazon.qa.testcases.SigninPageTest@184f6be2]" name="validateSigninTest" duration-ms="4196" started-at="2020-04-01T16:34:03 NZDT" finished-at="2020-04-01T16:34:07 NZDT">
          <exception class="java.lang.AssertionError">
            <message>
              <![CDATA[login success expected [Your Amazon.com] but found [Authentication required]]]>
            </message>
            <full-stacktrace>
              <![CDATA[java.lang.AssertionError: login success expected [Your Amazon.com] but found [Authentication required]
at org.testng.Assert.fail(Assert.java:97)
at org.testng.Assert.assertEqualsImpl(Assert.java:136)
at org.testng.Assert.assertEquals(Assert.java:118)
at org.testng.Assert.assertEquals(Assert.java:575)
at com.amazon.qa.testcases.SigninPageTest.validateSigninTest(SigninPageTest.java:31)
at sun.reflect.NativeMethodAccessorImpl.invoke0(Native Method)
at sun.reflect.NativeMethodAccessorImpl.invoke(Unknown Source)
at sun.reflect.DelegatingMethodAccessorImpl.invoke(Unknown Source)
at java.lang.reflect.Method.invoke(Unknown Source)
at org.testng.internal.MethodInvocationHelper.invokeMethod(MethodInvocationHelper.java:134)
at org.testng.internal.TestInvoker.invokeMethod(TestInvoker.java:597)
at org.testng.internal.TestInvoker.invokeTestMethod(TestInvoker.java:173)
at org.testng.internal.MethodRunner.runInSequence(MethodRunner.java:46)
at org.testng.internal.TestInvoker$MethodInvocationAgent.invoke(TestInvoker.java:816)
at org.testng.internal.TestInvoker.invokeTestMethods(TestInvoker.java:146)
at org.testng.internal.TestMethodWorker.invokeTestMethods(TestMethodWorker.java:146)
at org.testng.internal.TestMethodWorker.run(TestMethodWorker.java:128)
at java.util.ArrayList.forEach(Unknown Source)
at org.testng.TestRunner.privateRun(TestRunner.java:766)
at org.testng.TestRunner.run(TestRunner.java:587)
at org.testng.SuiteRunner.runTest(SuiteRunner.java:384)
at org.testng.SuiteRunner.runSequentially(SuiteRunner.java:378)
at org.testng.SuiteRunner.privateRun(SuiteRunner.java:337)
at org.testng.SuiteRunner.run(SuiteRunner.java:286)
at org.testng.SuiteRunnerWorker.runSuite(SuiteRunnerWorker.java:53)
at org.testng.SuiteRunnerWorker.run(SuiteRunnerWorker.java:96)
at org.testng.TestNG.runSuitesSequentially(TestNG.java:1187)
at org.testng.TestNG.runSuitesLocally(TestNG.java:1109)
at org.testng.TestNG.runSuites(TestNG.java:1039)
at org.testng.TestNG.run(TestNG.java:1007)
at org.testng.remote.AbstractRemoteTestNG.run(AbstractRemoteTestNG.java:115)
at org.testng.remote.RemoteTestNG.initAndRun(RemoteTestNG.java:251)
at org.testng.remote.RemoteTestNG.main(RemoteTestNG.java:77)
]]>
            </full-stacktrace>
          </exception> <!-- java.lang.AssertionError -->
          <reporter-output>
          </reporter-output>
        </test-method> <!-- validateSigninTest -->
        <test-method status="PASS" signature="tearDown()[pri:0, instance:com.amazon.qa.testcases.SigninPageTest@184f6be2]" name="tearDown" is-config="true" duration-ms="666" started-at="2020-04-01T16:34:07 NZDT" finished-at="2020-04-01T16:34:08 NZDT">
          <reporter-output>
          </reporter-output>
        </test-method> <!-- tearDown -->
      </class> <!-- com.amazon.qa.testcases.SigninPageTest -->
    </test> <!-- Amazon Testcases -->
  </suite> <!-- Amazon Automation Test suite -->
</testng-results>
