<?xml version="1.0" encoding="UTF-8"?>
<testng-results skipped="0" failed="0" ignored="0" total="1" passed="1">
  <reporter-output>
  </reporter-output>
  <suite name="Default suite" duration-ms="13643" started-at="2020-03-30T14:37:25 NZDT" finished-at="2020-03-30T14:37:39 NZDT">
    <groups>
    </groups>
    <test name="Default test" duration-ms="13643" started-at="2020-03-30T14:37:25 NZDT" finished-at="2020-03-30T14:37:39 NZDT">
      <class name="com.amazon.qa.testcases.HomePageTest">
        <test-method status="PASS" signature="setUp()[pri:0, instance:com.amazon.qa.testcases.HomePageTest@48503868]" name="setUp" is-config="true" duration-ms="12844" started-at="2020-03-30T14:37:25 NZDT" finished-at="2020-03-30T14:37:38 NZDT">
          <reporter-output>
          </reporter-output>
        </test-method> <!-- setUp -->
        <test-method status="PASS" signature="TitleTest()[pri:0, instance:com.amazon.qa.testcases.HomePageTest@48503868]" name="TitleTest" duration-ms="77" started-at="2020-03-30T14:37:38 NZDT" finished-at="2020-03-30T14:37:38 NZDT">
          <reporter-output>
          </reporter-output>
        </test-method> <!-- TitleTest -->
        <test-method status="PASS" signature="tearDown()[pri:0, instance:com.amazon.qa.testcases.HomePageTest@48503868]" name="tearDown" is-config="true" duration-ms="655" started-at="2020-03-30T14:37:38 NZDT" finished-at="2020-03-30T14:37:39 NZDT">
          <reporter-output>
          </reporter-output>
        </test-method> <!-- tearDown -->
      </class> <!-- com.amazon.qa.testcases.HomePageTest -->
    </test> <!-- Default test -->
  </suite> <!-- Default suite -->
</testng-results>
